<?xml version="1.0" encoding="UTF-8"?>
<!-- Generated by org.testng.reporters.JUnitReportReporter -->
<testsuite hostname="suyog" failures="0" tests="2" name="Suyog.newproject.test3" time="0.020" errors="0" timestamp="2022-05-19T14:59:25 IST" skipped="0">
  <testcase classname="Suyog.newproject.test3" name="educationalLoan" time="0.004"/>
  <system-out/>
  <testcase classname="Suyog.newproject.test3" name="personalLoan" time="0.016"/>
  <system-out/>
</testsuite> <!-- Suyog.newproject.test3 -->
