<?xml version="1.0" encoding="UTF-8"?>
<!-- Generated by org.testng.reporters.JUnitReportReporter -->
<testsuite hostname="suyog" failures="0" tests="3" name="Suyog.newproject.test2" time="0.008" errors="0" timestamp="2022-05-24T11:36:23 IST" skipped="0">
  <testcase classname="Suyog.newproject.test2" name="mobilelogincarLoan" time="0.002"/>
  <system-out/>
  <testcase classname="Suyog.newproject.test2" name="loanForCar" time="0.003"/>
  <system-out/>
  <testcase classname="Suyog.newproject.test2" name="weblogicarloan" time="0.003"/>
  <system-out/>
</testsuite> <!-- Suyog.newproject.test2 -->
