<?xml version="1.0" encoding="UTF-8"?>
<!-- Generated by org.testng.reporters.JUnitReportReporter -->
<testsuite hostname="suyog" failures="0" tests="2" name="Suyog.newproject.test1" time="0.014" errors="0" timestamp="2022-05-24T11:36:23 IST" skipped="0">
  <testcase classname="Suyog.newproject.test1" name="loan1" time="0.012"/>
  <system-out/>
  <testcase classname="Suyog.newproject.test1" name="loan2" time="0.002"/>
  <system-out/>
</testsuite> <!-- Suyog.newproject.test1 -->
